<?xml version="1.0" encoding="UTF-8" ?>
<testsuite failures="0" time="2.129" errors="0" skipped="0" tests="7" name="fr.inria.sacha.spoon.diffSpoon.DiffSpoonTest">
  <properties>
[...]
</properties>
  <testcase time="1.037" classname="fr.inria.sacha.spoon.diffSpoon.DiffSpoonTest" name="exampleInsertAndUpdate"/>
  <testcase time="0.232" classname="fr.inria.sacha.spoon.diffSpoon.DiffSpoonTest" name="testMain"/>
  <testcase time="0.089" classname="fr.inria.sacha.spoon.diffSpoon.DiffSpoonTest" name="testAnalyzeStringString"/>
  <testcase time="0.295" classname="fr.inria.sacha.spoon.diffSpoon.DiffSpoonTest" name="exampleSingleUpdate"/>
  <testcase time="0.079" classname="fr.inria.sacha.spoon.diffSpoon.DiffSpoonTest" name="testContent"/>
  <testcase time="0.187" classname="fr.inria.sacha.spoon.diffSpoon.DiffSpoonTest" name="exampleInsert"/>
  <testcase time="0.21" classname="fr.inria.sacha.spoon.diffSpoon.DiffSpoonTest" name="exampleRemoveMethod"/>
</testsuite>